<?xml version="1.0" encoding="UTF-8"?>
<testng-results ignored="0" total="1" passed="1" failed="0" skipped="0">
  <reporter-output>
  </reporter-output>
  <suite started-at="2023-03-24T09:50:09 IST" name="Default suite" finished-at="2023-03-24T09:50:20 IST" duration-ms="11316">
    <groups>
    </groups>
    <test started-at="2023-03-24T09:50:09 IST" name="Default test" finished-at="2023-03-24T09:50:20 IST" duration-ms="11316">
      <class name="Logout.TC04">
        <test-method signature="Tc04()[pri:0, instance:Logout.TC04@21de60b4]" started-at="2023-03-24T09:50:09 IST" name="Tc04" finished-at="2023-03-24T09:50:20 IST" duration-ms="11200" status="PASS">
          <reporter-output>
          </reporter-output>
        </test-method> <!-- Tc04 -->
      </class> <!-- Logout.TC04 -->
    </test> <!-- Default test -->
  </suite> <!-- Default suite -->
</testng-results>
